ERROR - 2025-01-03 16:41:45 --> mysqli_sql_exception: You have an error in your SQL syntax; check the manual that corresponds to your MariaDB server version for the right syntax to use near ')
) DEFAULT CHARACTER SET = utf8mb4 COLLATE = utf8mb4_general_ci' at line 11 in C:\xampp\htdocs\projeto-modulo-2\system\Database\MySQLi\Connection.php:312
Stack trace:
#0 C:\xampp\htdocs\projeto-modulo-2\system\Database\MySQLi\Connection.php(312): mysqli->query('CREATE TABLE `c...', 0)
#1 C:\xampp\htdocs\projeto-modulo-2\system\Database\BaseConnection.php(734): CodeIgniter\Database\MySQLi\Connection->execute('CREATE TABLE `c...')
#2 C:\xampp\htdocs\projeto-modulo-2\system\Database\BaseConnection.php(648): CodeIgniter\Database\BaseConnection->simpleQuery('CREATE TABLE `c...')
#3 C:\xampp\htdocs\projeto-modulo-2\system\Database\Forge.php(570): CodeIgniter\Database\BaseConnection->query('CREATE TABLE `c...')
#4 C:\xampp\htdocs\projeto-modulo-2\app\Database\Migrations\2025-01-03-163121_Clientes.php(58): CodeIgniter\Database\Forge->createTable('clientes')
#5 C:\xampp\htdocs\projeto-modulo-2\system\Database\MigrationRunner.php(867): App\Database\Migrations\Clientes->up()
#6 C:\xampp\htdocs\projeto-modulo-2\system\Database\MigrationRunner.php(183): CodeIgniter\Database\MigrationRunner->migrate('up', Object(stdClass))
#7 C:\xampp\htdocs\projeto-modulo-2\system\Commands\Database\Migrate.php(85): CodeIgniter\Database\MigrationRunner->latest(NULL)
#8 C:\xampp\htdocs\projeto-modulo-2\system\CLI\Commands.php(70): CodeIgniter\Commands\Database\Migrate->run(Array)
#9 C:\xampp\htdocs\projeto-modulo-2\system\CLI\Console.php(48): CodeIgniter\CLI\Commands->run('migrate', Array)
#10 C:\xampp\htdocs\projeto-modulo-2\system\Boot.php(351): CodeIgniter\CLI\Console->run()
#11 C:\xampp\htdocs\projeto-modulo-2\system\Boot.php(104): CodeIgniter\Boot::runCommand(Object(CodeIgniter\CLI\Console))
#12 C:\xampp\htdocs\projeto-modulo-2\spark(84): CodeIgniter\Boot::bootSpark(Object(Config\Paths))
#13 {main}
ERROR - 2025-01-03 16:47:51 --> mysqli_sql_exception: You have an error in your SQL syntax; check the manual that corresponds to your MariaDB server version for the right syntax to use near ')
) DEFAULT CHARACTER SET = utf8mb4 COLLATE = utf8mb4_general_ci' at line 11 in C:\xampp\htdocs\projeto-modulo-2\system\Database\MySQLi\Connection.php:312
Stack trace:
#0 C:\xampp\htdocs\projeto-modulo-2\system\Database\MySQLi\Connection.php(312): mysqli->query('CREATE TABLE `c...', 0)
#1 C:\xampp\htdocs\projeto-modulo-2\system\Database\BaseConnection.php(734): CodeIgniter\Database\MySQLi\Connection->execute('CREATE TABLE `c...')
#2 C:\xampp\htdocs\projeto-modulo-2\system\Database\BaseConnection.php(648): CodeIgniter\Database\BaseConnection->simpleQuery('CREATE TABLE `c...')
#3 C:\xampp\htdocs\projeto-modulo-2\system\Database\Forge.php(570): CodeIgniter\Database\BaseConnection->query('CREATE TABLE `c...')
#4 C:\xampp\htdocs\projeto-modulo-2\app\Database\Migrations\2025-01-03-163121_Clientes.php(58): CodeIgniter\Database\Forge->createTable('clientes')
#5 C:\xampp\htdocs\projeto-modulo-2\system\Database\MigrationRunner.php(867): App\Database\Migrations\Clientes->up()
#6 C:\xampp\htdocs\projeto-modulo-2\system\Database\MigrationRunner.php(183): CodeIgniter\Database\MigrationRunner->migrate('up', Object(stdClass))
#7 C:\xampp\htdocs\projeto-modulo-2\system\Commands\Database\Migrate.php(85): CodeIgniter\Database\MigrationRunner->latest(NULL)
#8 C:\xampp\htdocs\projeto-modulo-2\system\CLI\Commands.php(70): CodeIgniter\Commands\Database\Migrate->run(Array)
#9 C:\xampp\htdocs\projeto-modulo-2\system\CLI\Console.php(48): CodeIgniter\CLI\Commands->run('migrate', Array)
#10 C:\xampp\htdocs\projeto-modulo-2\system\Boot.php(351): CodeIgniter\CLI\Console->run()
#11 C:\xampp\htdocs\projeto-modulo-2\system\Boot.php(104): CodeIgniter\Boot::runCommand(Object(CodeIgniter\CLI\Console))
#12 C:\xampp\htdocs\projeto-modulo-2\spark(84): CodeIgniter\Boot::bootSpark(Object(Config\Paths))
#13 {main}
ERROR - 2025-01-03 16:51:12 --> mysqli_sql_exception: You have an error in your SQL syntax; check the manual that corresponds to your MariaDB server version for the right syntax to use near ')
) DEFAULT CHARACTER SET = utf8mb4 COLLATE = utf8mb4_general_ci' at line 11 in C:\xampp\htdocs\projeto-modulo-2\system\Database\MySQLi\Connection.php:312
Stack trace:
#0 C:\xampp\htdocs\projeto-modulo-2\system\Database\MySQLi\Connection.php(312): mysqli->query('CREATE TABLE `c...', 0)
#1 C:\xampp\htdocs\projeto-modulo-2\system\Database\BaseConnection.php(734): CodeIgniter\Database\MySQLi\Connection->execute('CREATE TABLE `c...')
#2 C:\xampp\htdocs\projeto-modulo-2\system\Database\BaseConnection.php(648): CodeIgniter\Database\BaseConnection->simpleQuery('CREATE TABLE `c...')
#3 C:\xampp\htdocs\projeto-modulo-2\system\Database\Forge.php(570): CodeIgniter\Database\BaseConnection->query('CREATE TABLE `c...')
#4 C:\xampp\htdocs\projeto-modulo-2\app\Database\Migrations\2025-01-03-163121_Clientes.php(58): CodeIgniter\Database\Forge->createTable('clientes')
#5 C:\xampp\htdocs\projeto-modulo-2\system\Database\MigrationRunner.php(867): App\Database\Migrations\Clientes->up()
#6 C:\xampp\htdocs\projeto-modulo-2\system\Database\MigrationRunner.php(183): CodeIgniter\Database\MigrationRunner->migrate('up', Object(stdClass))
#7 C:\xampp\htdocs\projeto-modulo-2\system\Commands\Database\Migrate.php(85): CodeIgniter\Database\MigrationRunner->latest(NULL)
#8 C:\xampp\htdocs\projeto-modulo-2\system\CLI\Commands.php(70): CodeIgniter\Commands\Database\Migrate->run(Array)
#9 C:\xampp\htdocs\projeto-modulo-2\system\CLI\Console.php(48): CodeIgniter\CLI\Commands->run('migrate', Array)
#10 C:\xampp\htdocs\projeto-modulo-2\system\Boot.php(351): CodeIgniter\CLI\Console->run()
#11 C:\xampp\htdocs\projeto-modulo-2\system\Boot.php(104): CodeIgniter\Boot::runCommand(Object(CodeIgniter\CLI\Console))
#12 C:\xampp\htdocs\projeto-modulo-2\spark(84): CodeIgniter\Boot::bootSpark(Object(Config\Paths))
#13 {main}
ERROR - 2025-01-03 16:51:52 --> mysqli_sql_exception: You have an error in your SQL syntax; check the manual that corresponds to your MariaDB server version for the right syntax to use near ')
) DEFAULT CHARACTER SET = utf8mb4 COLLATE = utf8mb4_general_ci' at line 11 in C:\xampp\htdocs\projeto-modulo-2\system\Database\MySQLi\Connection.php:312
Stack trace:
#0 C:\xampp\htdocs\projeto-modulo-2\system\Database\MySQLi\Connection.php(312): mysqli->query('CREATE TABLE `c...', 0)
#1 C:\xampp\htdocs\projeto-modulo-2\system\Database\BaseConnection.php(734): CodeIgniter\Database\MySQLi\Connection->execute('CREATE TABLE `c...')
#2 C:\xampp\htdocs\projeto-modulo-2\system\Database\BaseConnection.php(648): CodeIgniter\Database\BaseConnection->simpleQuery('CREATE TABLE `c...')
#3 C:\xampp\htdocs\projeto-modulo-2\system\Database\Forge.php(570): CodeIgniter\Database\BaseConnection->query('CREATE TABLE `c...')
#4 C:\xampp\htdocs\projeto-modulo-2\app\Database\Migrations\2025-01-03-163121_Clientes.php(58): CodeIgniter\Database\Forge->createTable('clientes')
#5 C:\xampp\htdocs\projeto-modulo-2\system\Database\MigrationRunner.php(867): App\Database\Migrations\Clientes->up()
#6 C:\xampp\htdocs\projeto-modulo-2\system\Database\MigrationRunner.php(183): CodeIgniter\Database\MigrationRunner->migrate('up', Object(stdClass))
#7 C:\xampp\htdocs\projeto-modulo-2\system\Commands\Database\Migrate.php(85): CodeIgniter\Database\MigrationRunner->latest(NULL)
#8 C:\xampp\htdocs\projeto-modulo-2\system\CLI\Commands.php(70): CodeIgniter\Commands\Database\Migrate->run(Array)
#9 C:\xampp\htdocs\projeto-modulo-2\system\CLI\Console.php(48): CodeIgniter\CLI\Commands->run('migrate', Array)
#10 C:\xampp\htdocs\projeto-modulo-2\system\Boot.php(351): CodeIgniter\CLI\Console->run()
#11 C:\xampp\htdocs\projeto-modulo-2\system\Boot.php(104): CodeIgniter\Boot::runCommand(Object(CodeIgniter\CLI\Console))
#12 C:\xampp\htdocs\projeto-modulo-2\spark(84): CodeIgniter\Boot::bootSpark(Object(Config\Paths))
#13 {main}
CRITICAL - 2025-01-03 17:25:08 --> Error: Class "App\Mosdels\ClienteModel" not found
[Method: POST, Route: clientes/store]
in APPPATH\Controllers\Clientes.php on line 14.
 1 SYSTEMPATH\CodeIgniter.php(903): App\Controllers\Clientes->__construct()
 2 SYSTEMPATH\CodeIgniter.php(500): CodeIgniter\CodeIgniter->createController()
 3 SYSTEMPATH\CodeIgniter.php(355): CodeIgniter\CodeIgniter->handleRequest(null, Object(Config\Cache), false)
 4 SYSTEMPATH\Boot.php(325): CodeIgniter\CodeIgniter->run()
 5 SYSTEMPATH\Boot.php(67): CodeIgniter\Boot::runCodeIgniter(Object(CodeIgniter\CodeIgniter))
 6 FCPATH\index.php(56): CodeIgniter\Boot::bootWeb(Object(Config\Paths))
