CRITICAL - 2024-12-30 18:42:45 --> CodeIgniter\Router\Exceptions\RouterException: The namespace delimiter is a backslash (\), not a slash (/). Route handler: "\App\Controllers\inicio/index"
[Method: GET, Route: inicio]
in SYSTEMPATH\Router\Router.php on line 492.
 1 SYSTEMPATH\Router\Router.php(492): CodeIgniter\Router\Exceptions\RouterException::forInvalidControllerName('\\App\\Controllers\\inicio/index')
 2 SYSTEMPATH\Router\Router.php(210): CodeIgniter\Router\Router->checkRoutes('inicio')
 3 SYSTEMPATH\CodeIgniter.php(834): CodeIgniter\Router\Router->handle('inicio')
 4 SYSTEMPATH\CodeIgniter.php(457): CodeIgniter\CodeIgniter->tryToRouteIt(Object(CodeIgniter\Router\RouteCollection))
 5 SYSTEMPATH\CodeIgniter.php(355): CodeIgniter\CodeIgniter->handleRequest(null, Object(Config\Cache), false)
 6 SYSTEMPATH\Boot.php(325): CodeIgniter\CodeIgniter->run()
 7 SYSTEMPATH\Boot.php(67): CodeIgniter\Boot::runCodeIgniter(Object(CodeIgniter\CodeIgniter))
 8 FCPATH\index.php(56): CodeIgniter\Boot::bootWeb(Object(Config\Paths))
 9 SYSTEMPATH\rewrite.php(44): require_once('C:\\xampp\\htdocs\\codeigniter4-framework-2849e7f\\public\\index.php')
CRITICAL - 2024-12-30 18:43:29 --> CodeIgniter\View\Exceptions\ViewException: Invalid file: "inicio.php"
[Method: GET, Route: inicio]
in SYSTEMPATH\Exceptions\FrameworkException.php on line 41.
 1 SYSTEMPATH\View\View.php(222): CodeIgniter\Exceptions\FrameworkException::forInvalidFile('inicio.php')
 2 SYSTEMPATH\Common.php(1171): CodeIgniter\View\View->render('inicio', [], true)
 3 APPPATH\Controllers\Inicio.php(10): view('inicio')
 4 SYSTEMPATH\CodeIgniter.php(933): App\Controllers\Inicio->index()
 5 SYSTEMPATH\CodeIgniter.php(509): CodeIgniter\CodeIgniter->runController(Object(App\Controllers\Inicio))
 6 SYSTEMPATH\CodeIgniter.php(355): CodeIgniter\CodeIgniter->handleRequest(null, Object(Config\Cache), false)
 7 SYSTEMPATH\Boot.php(325): CodeIgniter\CodeIgniter->run()
 8 SYSTEMPATH\Boot.php(67): CodeIgniter\Boot::runCodeIgniter(Object(CodeIgniter\CodeIgniter))
 9 FCPATH\index.php(56): CodeIgniter\Boot::bootWeb(Object(Config\Paths))
10 SYSTEMPATH\rewrite.php(44): require_once('C:\\xampp\\htdocs\\codeigniter4-framework-2849e7f\\public\\index.php')
CRITICAL - 2024-12-30 18:44:21 --> CodeIgniter\View\Exceptions\ViewException: Invalid file: "inicio.php"
[Method: GET, Route: /]
in SYSTEMPATH\Exceptions\FrameworkException.php on line 41.
 1 SYSTEMPATH\View\View.php(222): CodeIgniter\Exceptions\FrameworkException::forInvalidFile('inicio.php')
 2 SYSTEMPATH\Common.php(1171): CodeIgniter\View\View->render('inicio', [], true)
 3 APPPATH\Controllers\Inicio.php(10): view('inicio')
 4 SYSTEMPATH\CodeIgniter.php(933): App\Controllers\Inicio->index()
 5 SYSTEMPATH\CodeIgniter.php(509): CodeIgniter\CodeIgniter->runController(Object(App\Controllers\Inicio))
 6 SYSTEMPATH\CodeIgniter.php(355): CodeIgniter\CodeIgniter->handleRequest(null, Object(Config\Cache), false)
 7 SYSTEMPATH\Boot.php(325): CodeIgniter\CodeIgniter->run()
 8 SYSTEMPATH\Boot.php(67): CodeIgniter\Boot::runCodeIgniter(Object(CodeIgniter\CodeIgniter))
 9 FCPATH\index.php(56): CodeIgniter\Boot::bootWeb(Object(Config\Paths))
10 SYSTEMPATH\rewrite.php(44): require_once('C:\\xampp\\htdocs\\codeigniter4-framework-2849e7f\\public\\index.php')
CRITICAL - 2024-12-30 18:45:03 --> CodeIgniter\View\Exceptions\ViewException: Invalid file: "inicio.php"
[Method: GET, Route: /]
in SYSTEMPATH\Exceptions\FrameworkException.php on line 41.
 1 SYSTEMPATH\View\View.php(222): CodeIgniter\Exceptions\FrameworkException::forInvalidFile('inicio.php')
 2 SYSTEMPATH\Common.php(1171): CodeIgniter\View\View->render('inicio', [], true)
 3 APPPATH\Controllers\Inicio.php(10): view('inicio')
 4 SYSTEMPATH\CodeIgniter.php(933): App\Controllers\Inicio->index()
 5 SYSTEMPATH\CodeIgniter.php(509): CodeIgniter\CodeIgniter->runController(Object(App\Controllers\Inicio))
 6 SYSTEMPATH\CodeIgniter.php(355): CodeIgniter\CodeIgniter->handleRequest(null, Object(Config\Cache), false)
 7 SYSTEMPATH\Boot.php(325): CodeIgniter\CodeIgniter->run()
 8 SYSTEMPATH\Boot.php(67): CodeIgniter\Boot::runCodeIgniter(Object(CodeIgniter\CodeIgniter))
 9 FCPATH\index.php(56): CodeIgniter\Boot::bootWeb(Object(Config\Paths))
10 SYSTEMPATH\rewrite.php(44): require_once('C:\\xampp\\htdocs\\codeigniter4-framework-2849e7f\\public\\index.php')
CRITICAL - 2024-12-30 18:45:22 --> CodeIgniter\View\Exceptions\ViewException: Invalid file: "inicio.php"
[Method: GET, Route: /]
in SYSTEMPATH\Exceptions\FrameworkException.php on line 41.
 1 SYSTEMPATH\View\View.php(222): CodeIgniter\Exceptions\FrameworkException::forInvalidFile('inicio.php')
 2 SYSTEMPATH\Common.php(1171): CodeIgniter\View\View->render('inicio', [], true)
 3 APPPATH\Controllers\Inicio.php(10): view('inicio')
 4 SYSTEMPATH\CodeIgniter.php(933): App\Controllers\Inicio->index()
 5 SYSTEMPATH\CodeIgniter.php(509): CodeIgniter\CodeIgniter->runController(Object(App\Controllers\Inicio))
 6 SYSTEMPATH\CodeIgniter.php(355): CodeIgniter\CodeIgniter->handleRequest(null, Object(Config\Cache), false)
 7 SYSTEMPATH\Boot.php(325): CodeIgniter\CodeIgniter->run()
 8 SYSTEMPATH\Boot.php(67): CodeIgniter\Boot::runCodeIgniter(Object(CodeIgniter\CodeIgniter))
 9 FCPATH\index.php(56): CodeIgniter\Boot::bootWeb(Object(Config\Paths))
10 SYSTEMPATH\rewrite.php(44): require_once('C:\\xampp\\htdocs\\codeigniter4-framework-2849e7f\\public\\index.php')
CRITICAL - 2024-12-30 18:45:22 --> CodeIgniter\View\Exceptions\ViewException: Invalid file: "inicio.php"
[Method: GET, Route: /]
in SYSTEMPATH\Exceptions\FrameworkException.php on line 41.
 1 SYSTEMPATH\View\View.php(222): CodeIgniter\Exceptions\FrameworkException::forInvalidFile('inicio.php')
 2 SYSTEMPATH\Common.php(1171): CodeIgniter\View\View->render('inicio', [], true)
 3 APPPATH\Controllers\Inicio.php(10): view('inicio')
 4 SYSTEMPATH\CodeIgniter.php(933): App\Controllers\Inicio->index()
 5 SYSTEMPATH\CodeIgniter.php(509): CodeIgniter\CodeIgniter->runController(Object(App\Controllers\Inicio))
 6 SYSTEMPATH\CodeIgniter.php(355): CodeIgniter\CodeIgniter->handleRequest(null, Object(Config\Cache), false)
 7 SYSTEMPATH\Boot.php(325): CodeIgniter\CodeIgniter->run()
 8 SYSTEMPATH\Boot.php(67): CodeIgniter\Boot::runCodeIgniter(Object(CodeIgniter\CodeIgniter))
 9 FCPATH\index.php(56): CodeIgniter\Boot::bootWeb(Object(Config\Paths))
10 SYSTEMPATH\rewrite.php(44): require_once('C:\\xampp\\htdocs\\codeigniter4-framework-2849e7f\\public\\index.php')
CRITICAL - 2024-12-30 18:46:10 --> CodeIgniter\View\Exceptions\ViewException: Invalid file: "inicio.php"
[Method: GET, Route: /]
in SYSTEMPATH\Exceptions\FrameworkException.php on line 41.
 1 SYSTEMPATH\View\View.php(222): CodeIgniter\Exceptions\FrameworkException::forInvalidFile('inicio.php')
 2 SYSTEMPATH\Common.php(1171): CodeIgniter\View\View->render('inicio', [], true)
 3 APPPATH\Controllers\Inicio.php(10): view('inicio')
 4 SYSTEMPATH\CodeIgniter.php(933): App\Controllers\Inicio->index()
 5 SYSTEMPATH\CodeIgniter.php(509): CodeIgniter\CodeIgniter->runController(Object(App\Controllers\Inicio))
 6 SYSTEMPATH\CodeIgniter.php(355): CodeIgniter\CodeIgniter->handleRequest(null, Object(Config\Cache), false)
 7 SYSTEMPATH\Boot.php(325): CodeIgniter\CodeIgniter->run()
 8 SYSTEMPATH\Boot.php(67): CodeIgniter\Boot::runCodeIgniter(Object(CodeIgniter\CodeIgniter))
 9 FCPATH\index.php(56): CodeIgniter\Boot::bootWeb(Object(Config\Paths))
10 SYSTEMPATH\rewrite.php(44): require_once('C:\\xampp\\htdocs\\codeigniter4-framework-2849e7f\\public\\index.php')
CRITICAL - 2024-12-30 18:46:11 --> CodeIgniter\View\Exceptions\ViewException: Invalid file: "inicio.php"
[Method: GET, Route: /]
in SYSTEMPATH\Exceptions\FrameworkException.php on line 41.
 1 SYSTEMPATH\View\View.php(222): CodeIgniter\Exceptions\FrameworkException::forInvalidFile('inicio.php')
 2 SYSTEMPATH\Common.php(1171): CodeIgniter\View\View->render('inicio', [], true)
 3 APPPATH\Controllers\Inicio.php(10): view('inicio')
 4 SYSTEMPATH\CodeIgniter.php(933): App\Controllers\Inicio->index()
 5 SYSTEMPATH\CodeIgniter.php(509): CodeIgniter\CodeIgniter->runController(Object(App\Controllers\Inicio))
 6 SYSTEMPATH\CodeIgniter.php(355): CodeIgniter\CodeIgniter->handleRequest(null, Object(Config\Cache), false)
 7 SYSTEMPATH\Boot.php(325): CodeIgniter\CodeIgniter->run()
 8 SYSTEMPATH\Boot.php(67): CodeIgniter\Boot::runCodeIgniter(Object(CodeIgniter\CodeIgniter))
 9 FCPATH\index.php(56): CodeIgniter\Boot::bootWeb(Object(Config\Paths))
10 SYSTEMPATH\rewrite.php(44): require_once('C:\\xampp\\htdocs\\codeigniter4-framework-2849e7f\\public\\index.php')
CRITICAL - 2024-12-30 18:46:12 --> CodeIgniter\View\Exceptions\ViewException: Invalid file: "inicio.php"
[Method: GET, Route: /]
in SYSTEMPATH\Exceptions\FrameworkException.php on line 41.
 1 SYSTEMPATH\View\View.php(222): CodeIgniter\Exceptions\FrameworkException::forInvalidFile('inicio.php')
 2 SYSTEMPATH\Common.php(1171): CodeIgniter\View\View->render('inicio', [], true)
 3 APPPATH\Controllers\Inicio.php(10): view('inicio')
 4 SYSTEMPATH\CodeIgniter.php(933): App\Controllers\Inicio->index()
 5 SYSTEMPATH\CodeIgniter.php(509): CodeIgniter\CodeIgniter->runController(Object(App\Controllers\Inicio))
 6 SYSTEMPATH\CodeIgniter.php(355): CodeIgniter\CodeIgniter->handleRequest(null, Object(Config\Cache), false)
 7 SYSTEMPATH\Boot.php(325): CodeIgniter\CodeIgniter->run()
 8 SYSTEMPATH\Boot.php(67): CodeIgniter\Boot::runCodeIgniter(Object(CodeIgniter\CodeIgniter))
 9 FCPATH\index.php(56): CodeIgniter\Boot::bootWeb(Object(Config\Paths))
10 SYSTEMPATH\rewrite.php(44): require_once('C:\\xampp\\htdocs\\codeigniter4-framework-2849e7f\\public\\index.php')
CRITICAL - 2024-12-30 18:46:13 --> CodeIgniter\View\Exceptions\ViewException: Invalid file: "inicio.php"
[Method: GET, Route: /]
in SYSTEMPATH\Exceptions\FrameworkException.php on line 41.
 1 SYSTEMPATH\View\View.php(222): CodeIgniter\Exceptions\FrameworkException::forInvalidFile('inicio.php')
 2 SYSTEMPATH\Common.php(1171): CodeIgniter\View\View->render('inicio', [], true)
 3 APPPATH\Controllers\Inicio.php(10): view('inicio')
 4 SYSTEMPATH\CodeIgniter.php(933): App\Controllers\Inicio->index()
 5 SYSTEMPATH\CodeIgniter.php(509): CodeIgniter\CodeIgniter->runController(Object(App\Controllers\Inicio))
 6 SYSTEMPATH\CodeIgniter.php(355): CodeIgniter\CodeIgniter->handleRequest(null, Object(Config\Cache), false)
 7 SYSTEMPATH\Boot.php(325): CodeIgniter\CodeIgniter->run()
 8 SYSTEMPATH\Boot.php(67): CodeIgniter\Boot::runCodeIgniter(Object(CodeIgniter\CodeIgniter))
 9 FCPATH\index.php(56): CodeIgniter\Boot::bootWeb(Object(Config\Paths))
10 SYSTEMPATH\rewrite.php(44): require_once('C:\\xampp\\htdocs\\codeigniter4-framework-2849e7f\\public\\index.php')
CRITICAL - 2024-12-30 18:46:13 --> CodeIgniter\View\Exceptions\ViewException: Invalid file: "inicio.php"
[Method: GET, Route: /]
in SYSTEMPATH\Exceptions\FrameworkException.php on line 41.
 1 SYSTEMPATH\View\View.php(222): CodeIgniter\Exceptions\FrameworkException::forInvalidFile('inicio.php')
 2 SYSTEMPATH\Common.php(1171): CodeIgniter\View\View->render('inicio', [], true)
 3 APPPATH\Controllers\Inicio.php(10): view('inicio')
 4 SYSTEMPATH\CodeIgniter.php(933): App\Controllers\Inicio->index()
 5 SYSTEMPATH\CodeIgniter.php(509): CodeIgniter\CodeIgniter->runController(Object(App\Controllers\Inicio))
 6 SYSTEMPATH\CodeIgniter.php(355): CodeIgniter\CodeIgniter->handleRequest(null, Object(Config\Cache), false)
 7 SYSTEMPATH\Boot.php(325): CodeIgniter\CodeIgniter->run()
 8 SYSTEMPATH\Boot.php(67): CodeIgniter\Boot::runCodeIgniter(Object(CodeIgniter\CodeIgniter))
 9 FCPATH\index.php(56): CodeIgniter\Boot::bootWeb(Object(Config\Paths))
10 SYSTEMPATH\rewrite.php(44): require_once('C:\\xampp\\htdocs\\codeigniter4-framework-2849e7f\\public\\index.php')
CRITICAL - 2024-12-30 18:46:14 --> CodeIgniter\View\Exceptions\ViewException: Invalid file: "inicio.php"
[Method: GET, Route: /]
in SYSTEMPATH\Exceptions\FrameworkException.php on line 41.
 1 SYSTEMPATH\View\View.php(222): CodeIgniter\Exceptions\FrameworkException::forInvalidFile('inicio.php')
 2 SYSTEMPATH\Common.php(1171): CodeIgniter\View\View->render('inicio', [], true)
 3 APPPATH\Controllers\Inicio.php(10): view('inicio')
 4 SYSTEMPATH\CodeIgniter.php(933): App\Controllers\Inicio->index()
 5 SYSTEMPATH\CodeIgniter.php(509): CodeIgniter\CodeIgniter->runController(Object(App\Controllers\Inicio))
 6 SYSTEMPATH\CodeIgniter.php(355): CodeIgniter\CodeIgniter->handleRequest(null, Object(Config\Cache), false)
 7 SYSTEMPATH\Boot.php(325): CodeIgniter\CodeIgniter->run()
 8 SYSTEMPATH\Boot.php(67): CodeIgniter\Boot::runCodeIgniter(Object(CodeIgniter\CodeIgniter))
 9 FCPATH\index.php(56): CodeIgniter\Boot::bootWeb(Object(Config\Paths))
10 SYSTEMPATH\rewrite.php(44): require_once('C:\\xampp\\htdocs\\codeigniter4-framework-2849e7f\\public\\index.php')
CRITICAL - 2024-12-30 18:46:47 --> CodeIgniter\View\Exceptions\ViewException: Invalid file: "inicio.php"
[Method: GET, Route: /]
in SYSTEMPATH\Exceptions\FrameworkException.php on line 41.
 1 SYSTEMPATH\View\View.php(222): CodeIgniter\Exceptions\FrameworkException::forInvalidFile('inicio.php')
 2 SYSTEMPATH\Common.php(1171): CodeIgniter\View\View->render('inicio', [], true)
 3 APPPATH\Controllers\Inicio.php(10): view('inicio')
 4 SYSTEMPATH\CodeIgniter.php(933): App\Controllers\Inicio->index()
 5 SYSTEMPATH\CodeIgniter.php(509): CodeIgniter\CodeIgniter->runController(Object(App\Controllers\Inicio))
 6 SYSTEMPATH\CodeIgniter.php(355): CodeIgniter\CodeIgniter->handleRequest(null, Object(Config\Cache), false)
 7 SYSTEMPATH\Boot.php(325): CodeIgniter\CodeIgniter->run()
 8 SYSTEMPATH\Boot.php(67): CodeIgniter\Boot::runCodeIgniter(Object(CodeIgniter\CodeIgniter))
 9 FCPATH\index.php(56): CodeIgniter\Boot::bootWeb(Object(Config\Paths))
10 SYSTEMPATH\rewrite.php(44): require_once('C:\\xampp\\htdocs\\codeigniter4-framework-2849e7f\\public\\index.php')
